<?xml version='1.0'?>
<ns2:test-suite xmlns:ns2='urn:model.allure.qatools.yandex.ru' start='1627906538379' stop='1627906538759'>
    <name>The stream list web app: As a user, I can see list of streams</name>
    <title>The stream list web app: As a user, I can see list of streams</title>
    <test-cases>
        <test-case start='1627906538380' status='passed' stop='1627906538382'>
            <name></name>
            <title></title>
            <labels>
                <label name='language' value='javascript'/>
                <label name='framework' value='wdio'/>
                <label name='thread' value='0-2'/>
            </labels>
            <parameters>
                <parameter kind='argument' name='browser' value='chrome-92.0.4515.107'/>
            </parameters>
            <steps/>
            <attachments/>
        </test-case>
        <test-case start='1627906538382' status='broken' stop='1627906538757'>
            <name>Given I am on the stream list page with the url https://localhost:3000</name>
            <title>Given I am on the stream list page with the url https://localhost:3000</title>
            <labels>
                <label name='language' value='javascript'/>
                <label name='framework' value='wdio'/>
                <label name='thread' value='0-2'/>
            </labels>
            <parameters>
                <parameter kind='argument' name='browser' value='chrome-92.0.4515.107'/>
            </parameters>
            <steps>
                <step start='1627906538384' status='broken' stop='1627906538757'>
                    <name>POST /session/:sessionId/url</name>
                    <title>POST /session/:sessionId/url</title>
                    <attachments>
                        <attachment title='Request' source='cc03b111-7582-45dc-902f-76388f3438ce-attachment.json' type='application/json' size='38'/>
                    </attachments>
                    <steps/>
                </step>
            </steps>
            <attachments/>
            <failure>
                <message>unknown error: unknown error: net::ERR_SSL_PROTOCOL_ERROR</message>
                <stack-trace>unknown error: unknown error: net::ERR_SSL_PROTOCOL_ERROR
                  (Session info: chrome=92.0.4515.107)
                    at Object.getErrorFromResponseBody (/home/krzysztofmichalski/projects/cucumber-gherking-learning/node_modules/webdriver/build/utils.js:189:12)
                    at NodeJSRequest._request (/home/krzysztofmichalski/projects/cucumber-gherking-learning/node_modules/webdriver/build/request/index.js:157:31)
                    at processTicksAndRejections (internal/process/task_queues.js:95:5)
                    at Browser.wrapCommandFn (/home/krzysztofmichalski/projects/cucumber-gherking-learning/node_modules/@wdio/utils/build/shim.js:103:29)
                    at Browser.wrapCommandFn (/home/krzysztofmichalski/projects/cucumber-gherking-learning/node_modules/@wdio/utils/build/shim.js:103:29)</stack-trace>
            </failure>
        </test-case>
        <test-case start='1627906538757' status='undefined'>
            <name>Then I should see a header text Streams</name>
            <title>Then I should see a header text Streams</title>
            <labels>
                <label name='language' value='javascript'/>
                <label name='framework' value='wdio'/>
                <label name='thread' value='0-2'/>
            </labels>
            <parameters>
                <parameter kind='argument' name='browser' value='chrome-92.0.4515.107'/>
            </parameters>
            <steps/>
            <attachments/>
        </test-case>
        <test-case start='1627906538757' status='pending' stop='1627906538758'>
            <name>I should see a header text Streams</name>
            <title>I should see a header text Streams</title>
            <labels/>
            <parameters/>
            <steps/>
            <attachments/>
            <failure>
                <message>Test ignored</message>
                <stack-trace>undefined</stack-trace>
            </failure>
        </test-case>
        <test-case start='1627906538758' status='passed' stop='1627906538758'>
            <name></name>
            <title></title>
            <labels>
                <label name='language' value='javascript'/>
                <label name='framework' value='wdio'/>
                <label name='thread' value='0-2'/>
            </labels>
            <parameters>
                <parameter kind='argument' name='browser' value='chrome-92.0.4515.107'/>
            </parameters>
            <steps/>
            <attachments/>
        </test-case>
    </test-cases>
</ns2:test-suite>