<?xml version='1.0'?>
<ns2:test-suite xmlns:ns2='urn:model.allure.qatools.yandex.ru' start='1630097774274' stop='1630097779375'>
    <name>Test End to End User: Validate End to End Get Single User</name>
    <title>Test End to End User: Validate End to End Get Single User</title>
    <test-cases>
        <test-case start='1630097774274' status='passed' stop='1630097774276'>
            <name></name>
            <title></title>
            <labels>
                <label name='language' value='javascript'/>
                <label name='framework' value='wdio'/>
                <label name='thread' value='0-0'/>
            </labels>
            <parameters>
                <parameter kind='argument' name='browser' value='chrome-92.0.4515.107'/>
            </parameters>
            <steps/>
            <attachments/>
        </test-case>
        <test-case start='1630097774276' status='passed' stop='1630097779332'>
            <name>Given I am on the page &lt;PageUrl></name>
            <title>Given I am on the page &lt;PageUrl></title>
            <labels>
                <label name='language' value='javascript'/>
                <label name='framework' value='wdio'/>
                <label name='thread' value='0-0'/>
            </labels>
            <parameters>
                <parameter kind='argument' name='browser' value='chrome-92.0.4515.107'/>
            </parameters>
            <steps>
                <step start='1630097774280' status='passed' stop='1630097774325'>
                    <name>POST /session/:sessionId/url</name>
                    <title>POST /session/:sessionId/url</title>
                    <attachments>
                        <attachment title='Request' source='7a9aff10-6899-43fe-a7c1-349ed6afa49d-attachment.json' type='application/json' size='45'/>
                    </attachments>
                    <steps/>
                </step>
            </steps>
            <attachments/>
        </test-case>
        <test-case start='1630097779332' status='broken' stop='1630097779374'>
            <name>When I Perform /api/users/2 user search</name>
            <title>When I Perform /api/users/2 user search</title>
            <labels>
                <label name='language' value='javascript'/>
                <label name='framework' value='wdio'/>
                <label name='thread' value='0-0'/>
            </labels>
            <parameters>
                <parameter kind='argument' name='browser' value='chrome-92.0.4515.107'/>
            </parameters>
            <steps>
                <step start='1630097779335' status='broken' stop='1630097779374'>
                    <name>POST /session/:sessionId/element</name>
                    <title>POST /session/:sessionId/element</title>
                    <attachments>
                        <attachment title='Request' source='505c1048-5640-4b0a-9054-1b85af0e87da-attachment.json' type='application/json' size='53'/>
                    </attachments>
                    <steps/>
                </step>
            </steps>
            <attachments/>
            <failure>
                <message>chrome not reachable: chrome not reachable</message>
                <stack-trace>chrome not reachable: chrome not reachable
                  (Session info: chrome=92.0.4515.107)
                    at Object.getErrorFromResponseBody (/home/krzysztofmichalski/projects/cucumber-gherking-learning/node_modules/webdriver/build/utils.js:189:12)
                    at NodeJSRequest._request (/home/krzysztofmichalski/projects/cucumber-gherking-learning/node_modules/webdriver/build/request/index.js:157:31)
                    at processTicksAndRejections (internal/process/task_queues.js:95:5)
                    at Browser.wrapCommandFn (/home/krzysztofmichalski/projects/cucumber-gherking-learning/node_modules/@wdio/utils/build/shim.js:103:29)
                    at Browser.$ (/home/krzysztofmichalski/projects/cucumber-gherking-learning/node_modules/webdriverio/build/commands/browser/$.js:83:17)
                    at Browser.wrapCommandFn (/home/krzysztofmichalski/projects/cucumber-gherking-learning/node_modules/@wdio/utils/build/shim.js:103:29)</stack-trace>
            </failure>
        </test-case>
        <test-case start='1630097779374' status='undefined'>
            <name>And I make Get /api/users/2 api call</name>
            <title>And I make Get /api/users/2 api call</title>
            <labels>
                <label name='language' value='javascript'/>
                <label name='framework' value='wdio'/>
                <label name='thread' value='0-0'/>
            </labels>
            <parameters>
                <parameter kind='argument' name='browser' value='chrome-92.0.4515.107'/>
            </parameters>
            <steps/>
            <attachments/>
        </test-case>
        <test-case start='1630097779374' status='pending' stop='1630097779374'>
            <name>I make Get /api/users/2 api call</name>
            <title>I make Get /api/users/2 api call</title>
            <labels/>
            <parameters/>
            <steps/>
            <attachments/>
            <failure>
                <message>Test ignored</message>
                <stack-trace>undefined</stack-trace>
            </failure>
        </test-case>
        <test-case start='1630097779374' status='undefined'>
            <name>Then I validate the serach result</name>
            <title>Then I validate the serach result</title>
            <labels>
                <label name='language' value='javascript'/>
                <label name='framework' value='wdio'/>
                <label name='thread' value='0-0'/>
            </labels>
            <parameters>
                <parameter kind='argument' name='browser' value='chrome-92.0.4515.107'/>
            </parameters>
            <steps/>
            <attachments/>
        </test-case>
        <test-case start='1630097779374' status='pending' stop='1630097779374'>
            <name>I validate the serach result</name>
            <title>I validate the serach result</title>
            <labels/>
            <parameters/>
            <steps/>
            <attachments/>
            <failure>
                <message>Test ignored</message>
                <stack-trace>undefined</stack-trace>
            </failure>
        </test-case>
        <test-case start='1630097779374' status='passed' stop='1630097779375'>
            <name></name>
            <title></title>
            <labels>
                <label name='language' value='javascript'/>
                <label name='framework' value='wdio'/>
                <label name='thread' value='0-0'/>
            </labels>
            <parameters>
                <parameter kind='argument' name='browser' value='chrome-92.0.4515.107'/>
            </parameters>
            <steps/>
            <attachments/>
        </test-case>
    </test-cases>
</ns2:test-suite>