<?xml version='1.0'?>
<ns2:test-suite xmlns:ns2='urn:model.allure.qatools.yandex.ru' start='1627938822803' stop='1627938823554'>
    <name>Chai page: </name>
    <title>Chai page: </title>
    <test-cases>
        <test-case start='1627938822804' status='passed' stop='1627938822806'>
            <name></name>
            <title></title>
            <labels>
                <label name='language' value='javascript'/>
                <label name='framework' value='wdio'/>
                <label name='thread' value='0-0'/>
            </labels>
            <parameters>
                <parameter kind='argument' name='browser' value='chrome-92.0.4515.107'/>
            </parameters>
            <steps/>
            <attachments/>
        </test-case>
        <test-case start='1627938822806' status='passed' stop='1627938823540'>
            <name>Given I am on practice page: "http://www.practiceselenium.com/practice-form.html"</name>
            <title>Given I am on practice page: "http://www.practiceselenium.com/practice-form.html"</title>
            <labels>
                <label name='language' value='javascript'/>
                <label name='framework' value='wdio'/>
                <label name='thread' value='0-0'/>
            </labels>
            <parameters>
                <parameter kind='argument' name='browser' value='chrome-92.0.4515.107'/>
            </parameters>
            <steps>
                <step start='1627938822808' status='passed' stop='1627938823432'>
                    <name>POST /session/:sessionId/url</name>
                    <title>POST /session/:sessionId/url</title>
                    <attachments>
                        <attachment title='Request' source='a7d8fc5c-c474-4959-8282-3ca1e6dc0244-attachment.json' type='application/json' size='65'/>
                    </attachments>
                    <steps/>
                </step>
                <step start='1627938823433' status='passed' stop='1627938823539'>
                    <name>POST /session/:sessionId/window/maximize</name>
                    <title>POST /session/:sessionId/window/maximize</title>
                    <attachments>
                        <attachment title='Response' source='c04eb7d8-5ddd-4848-9f00-038fd1f7262b-attachment.json' type='application/json' size='59'/>
                    </attachments>
                    <steps/>
                </step>
            </steps>
            <attachments/>
        </test-case>
        <test-case start='1627938823540' status='undefined'>
            <name>Then I validate page header "Practice form"</name>
            <title>Then I validate page header "Practice form"</title>
            <labels>
                <label name='language' value='javascript'/>
                <label name='framework' value='wdio'/>
                <label name='thread' value='0-0'/>
            </labels>
            <parameters>
                <parameter kind='argument' name='browser' value='chrome-92.0.4515.107'/>
            </parameters>
            <steps/>
            <attachments/>
        </test-case>
        <test-case start='1627938823548' status='pending' stop='1627938823548'>
            <name>I validate page header "Practice form"</name>
            <title>I validate page header "Practice form"</title>
            <labels/>
            <parameters/>
            <steps/>
            <attachments/>
            <failure>
                <message>Test ignored</message>
                <stack-trace>undefined</stack-trace>
            </failure>
        </test-case>
        <test-case start='1627938823548' status='undefined'>
            <name>When I enter firstname Emma and lastname watson</name>
            <title>When I enter firstname Emma and lastname watson</title>
            <labels>
                <label name='language' value='javascript'/>
                <label name='framework' value='wdio'/>
                <label name='thread' value='0-0'/>
            </labels>
            <parameters>
                <parameter kind='argument' name='browser' value='chrome-92.0.4515.107'/>
            </parameters>
            <steps/>
            <attachments/>
        </test-case>
        <test-case start='1627938823550' status='pending' stop='1627938823550'>
            <name>I enter firstname Emma and lastname watson</name>
            <title>I enter firstname Emma and lastname watson</title>
            <labels/>
            <parameters/>
            <steps/>
            <attachments/>
            <failure>
                <message>Test ignored</message>
                <stack-trace>undefined</stack-trace>
            </failure>
        </test-case>
        <test-case start='1627938823550' status='undefined'>
            <name>And I select gender Female years 6 favorite chai Red Tea and reason Harmless Addition</name>
            <title>And I select gender Female years 6 favorite chai Red Tea and reason Harmless Addition</title>
            <labels>
                <label name='language' value='javascript'/>
                <label name='framework' value='wdio'/>
                <label name='thread' value='0-0'/>
            </labels>
            <parameters>
                <parameter kind='argument' name='browser' value='chrome-92.0.4515.107'/>
            </parameters>
            <steps/>
            <attachments/>
        </test-case>
        <test-case start='1627938823550' status='pending' stop='1627938823550'>
            <name>I select gender Female years 6 favorite chai Red Tea and reason Harmless Addition</name>
            <title>I select gender Female years 6 favorite chai Red Tea and reason Harmless Addition</title>
            <labels/>
            <parameters/>
            <steps/>
            <attachments/>
            <failure>
                <message>Test ignored</message>
                <stack-trace>undefined</stack-trace>
            </failure>
        </test-case>
        <test-case start='1627938823550' status='undefined'>
            <name>And I select continent Europe and commands Wait Commands</name>
            <title>And I select continent Europe and commands Wait Commands</title>
            <labels>
                <label name='language' value='javascript'/>
                <label name='framework' value='wdio'/>
                <label name='thread' value='0-0'/>
            </labels>
            <parameters>
                <parameter kind='argument' name='browser' value='chrome-92.0.4515.107'/>
            </parameters>
            <steps/>
            <attachments/>
        </test-case>
        <test-case start='1627938823550' status='pending' stop='1627938823550'>
            <name>I select continent Europe and commands Wait Commands</name>
            <title>I select continent Europe and commands Wait Commands</title>
            <labels/>
            <parameters/>
            <steps/>
            <attachments/>
            <failure>
                <message>Test ignored</message>
                <stack-trace>undefined</stack-trace>
            </failure>
        </test-case>
        <test-case start='1627938823550' status='undefined'>
            <name>And I click on submit button</name>
            <title>And I click on submit button</title>
            <labels>
                <label name='language' value='javascript'/>
                <label name='framework' value='wdio'/>
                <label name='thread' value='0-0'/>
            </labels>
            <parameters>
                <parameter kind='argument' name='browser' value='chrome-92.0.4515.107'/>
            </parameters>
            <steps/>
            <attachments/>
        </test-case>
        <test-case start='1627938823552' status='pending' stop='1627938823552'>
            <name>I click on submit button</name>
            <title>I click on submit button</title>
            <labels/>
            <parameters/>
            <steps/>
            <attachments/>
            <failure>
                <message>Test ignored</message>
                <stack-trace>undefined</stack-trace>
            </failure>
        </test-case>
        <test-case start='1627938823552' status='undefined'>
            <name>Then I validate page header "We're passionate about tea."</name>
            <title>Then I validate page header "We're passionate about tea."</title>
            <labels>
                <label name='language' value='javascript'/>
                <label name='framework' value='wdio'/>
                <label name='thread' value='0-0'/>
            </labels>
            <parameters>
                <parameter kind='argument' name='browser' value='chrome-92.0.4515.107'/>
            </parameters>
            <steps/>
            <attachments/>
        </test-case>
        <test-case start='1627938823553' status='pending' stop='1627938823553'>
            <name>I validate page header "We're passionate about tea."</name>
            <title>I validate page header "We're passionate about tea."</title>
            <labels/>
            <parameters/>
            <steps/>
            <attachments/>
            <failure>
                <message>Test ignored</message>
                <stack-trace>undefined</stack-trace>
            </failure>
        </test-case>
        <test-case start='1627938823553' status='passed' stop='1627938823553'>
            <name></name>
            <title></title>
            <labels>
                <label name='language' value='javascript'/>
                <label name='framework' value='wdio'/>
                <label name='thread' value='0-0'/>
            </labels>
            <parameters>
                <parameter kind='argument' name='browser' value='chrome-92.0.4515.107'/>
            </parameters>
            <steps/>
            <attachments/>
        </test-case>
    </test-cases>
</ns2:test-suite>