<?xml version='1.0'?>
<ns2:test-suite xmlns:ns2='urn:model.allure.qatools.yandex.ru' start='1628838756152' stop='1628838785194'>
    <name>Chai page: </name>
    <title>Chai page: </title>
    <test-cases>
        <test-case start='1628838756153' status='passed' stop='1628838756155'>
            <name></name>
            <title></title>
            <labels>
                <label name='language' value='javascript'/>
                <label name='framework' value='wdio'/>
                <label name='thread' value='0-0'/>
            </labels>
            <parameters>
                <parameter kind='argument' name='browser' value='chrome-92.0.4515.107'/>
            </parameters>
            <steps/>
            <attachments/>
        </test-case>
        <test-case start='1628838756155' status='broken' stop='1628838785192'>
            <name>Given I am on practice page: "http://www.practiceselenium.com/practice-form.html"</name>
            <title>Given I am on practice page: "http://www.practiceselenium.com/practice-form.html"</title>
            <labels>
                <label name='language' value='javascript'/>
                <label name='framework' value='wdio'/>
                <label name='thread' value='0-0'/>
            </labels>
            <parameters>
                <parameter kind='argument' name='browser' value='chrome-92.0.4515.107'/>
            </parameters>
            <steps>
                <step start='1628838756157' status='broken' stop='1628838785192'>
                    <name>POST /session/:sessionId/url</name>
                    <title>POST /session/:sessionId/url</title>
                    <attachments>
                        <attachment title='Request' source='49d00032-01c9-4849-a8ff-08d69fdd35d1-attachment.json' type='application/json' size='65'/>
                    </attachments>
                    <steps/>
                </step>
            </steps>
            <attachments/>
            <failure>
                <message>chrome not reachable: chrome not reachable</message>
                <stack-trace>chrome not reachable: chrome not reachable
                  (Session info: chrome=92.0.4515.107)
                    at Object.getErrorFromResponseBody (/home/krzysztofmichalski/projects/cucumber-gherking-learning/node_modules/webdriver/build/utils.js:189:12)
                    at NodeJSRequest._request (/home/krzysztofmichalski/projects/cucumber-gherking-learning/node_modules/webdriver/build/request/index.js:157:31)
                    at processTicksAndRejections (internal/process/task_queues.js:95:5)
                    at Browser.wrapCommandFn (/home/krzysztofmichalski/projects/cucumber-gherking-learning/node_modules/@wdio/utils/build/shim.js:103:29)
                    at Browser.wrapCommandFn (/home/krzysztofmichalski/projects/cucumber-gherking-learning/node_modules/@wdio/utils/build/shim.js:103:29)</stack-trace>
            </failure>
        </test-case>
        <test-case start='1628838785192' status='undefined'>
            <name>Then I validate page header "Practice form"</name>
            <title>Then I validate page header "Practice form"</title>
            <labels>
                <label name='language' value='javascript'/>
                <label name='framework' value='wdio'/>
                <label name='thread' value='0-0'/>
            </labels>
            <parameters>
                <parameter kind='argument' name='browser' value='chrome-92.0.4515.107'/>
            </parameters>
            <steps/>
            <attachments/>
        </test-case>
        <test-case start='1628838785192' status='pending' stop='1628838785192'>
            <name>I validate page header "Practice form"</name>
            <title>I validate page header "Practice form"</title>
            <labels/>
            <parameters/>
            <steps/>
            <attachments/>
            <failure>
                <message>Test ignored</message>
                <stack-trace>undefined</stack-trace>
            </failure>
        </test-case>
        <test-case start='1628838785192' status='undefined'>
            <name>When I enter firstname Emma and lastname watson</name>
            <title>When I enter firstname Emma and lastname watson</title>
            <labels>
                <label name='language' value='javascript'/>
                <label name='framework' value='wdio'/>
                <label name='thread' value='0-0'/>
            </labels>
            <parameters>
                <parameter kind='argument' name='browser' value='chrome-92.0.4515.107'/>
            </parameters>
            <steps/>
            <attachments/>
        </test-case>
        <test-case start='1628838785192' status='pending' stop='1628838785192'>
            <name>I enter firstname Emma and lastname watson</name>
            <title>I enter firstname Emma and lastname watson</title>
            <labels/>
            <parameters/>
            <steps/>
            <attachments/>
            <failure>
                <message>Test ignored</message>
                <stack-trace>undefined</stack-trace>
            </failure>
        </test-case>
        <test-case start='1628838785193' status='undefined'>
            <name>And I select gender Female years 6 favorite chai Red Tea and reason Harmless Addition</name>
            <title>And I select gender Female years 6 favorite chai Red Tea and reason Harmless Addition</title>
            <labels>
                <label name='language' value='javascript'/>
                <label name='framework' value='wdio'/>
                <label name='thread' value='0-0'/>
            </labels>
            <parameters>
                <parameter kind='argument' name='browser' value='chrome-92.0.4515.107'/>
            </parameters>
            <steps/>
            <attachments/>
        </test-case>
        <test-case start='1628838785193' status='pending' stop='1628838785193'>
            <name>I select gender Female years 6 favorite chai Red Tea and reason Harmless Addition</name>
            <title>I select gender Female years 6 favorite chai Red Tea and reason Harmless Addition</title>
            <labels/>
            <parameters/>
            <steps/>
            <attachments/>
            <failure>
                <message>Test ignored</message>
                <stack-trace>undefined</stack-trace>
            </failure>
        </test-case>
        <test-case start='1628838785193' status='undefined'>
            <name>And I select continent Europe and commands Wait Commands</name>
            <title>And I select continent Europe and commands Wait Commands</title>
            <labels>
                <label name='language' value='javascript'/>
                <label name='framework' value='wdio'/>
                <label name='thread' value='0-0'/>
            </labels>
            <parameters>
                <parameter kind='argument' name='browser' value='chrome-92.0.4515.107'/>
            </parameters>
            <steps/>
            <attachments/>
        </test-case>
        <test-case start='1628838785193' status='pending' stop='1628838785193'>
            <name>I select continent Europe and commands Wait Commands</name>
            <title>I select continent Europe and commands Wait Commands</title>
            <labels/>
            <parameters/>
            <steps/>
            <attachments/>
            <failure>
                <message>Test ignored</message>
                <stack-trace>undefined</stack-trace>
            </failure>
        </test-case>
        <test-case start='1628838785193' status='undefined'>
            <name>And I click on submit button</name>
            <title>And I click on submit button</title>
            <labels>
                <label name='language' value='javascript'/>
                <label name='framework' value='wdio'/>
                <label name='thread' value='0-0'/>
            </labels>
            <parameters>
                <parameter kind='argument' name='browser' value='chrome-92.0.4515.107'/>
            </parameters>
            <steps/>
            <attachments/>
        </test-case>
        <test-case start='1628838785193' status='pending' stop='1628838785193'>
            <name>I click on submit button</name>
            <title>I click on submit button</title>
            <labels/>
            <parameters/>
            <steps/>
            <attachments/>
            <failure>
                <message>Test ignored</message>
                <stack-trace>undefined</stack-trace>
            </failure>
        </test-case>
        <test-case start='1628838785193' status='undefined'>
            <name>Then I validate page header "We're passionate about tea."</name>
            <title>Then I validate page header "We're passionate about tea."</title>
            <labels>
                <label name='language' value='javascript'/>
                <label name='framework' value='wdio'/>
                <label name='thread' value='0-0'/>
            </labels>
            <parameters>
                <parameter kind='argument' name='browser' value='chrome-92.0.4515.107'/>
            </parameters>
            <steps/>
            <attachments/>
        </test-case>
        <test-case start='1628838785193' status='pending' stop='1628838785193'>
            <name>I validate page header "We're passionate about tea."</name>
            <title>I validate page header "We're passionate about tea."</title>
            <labels/>
            <parameters/>
            <steps/>
            <attachments/>
            <failure>
                <message>Test ignored</message>
                <stack-trace>undefined</stack-trace>
            </failure>
        </test-case>
        <test-case start='1628838785193' status='passed' stop='1628838785193'>
            <name></name>
            <title></title>
            <labels>
                <label name='language' value='javascript'/>
                <label name='framework' value='wdio'/>
                <label name='thread' value='0-0'/>
            </labels>
            <parameters>
                <parameter kind='argument' name='browser' value='chrome-92.0.4515.107'/>
            </parameters>
            <steps/>
            <attachments/>
        </test-case>
    </test-cases>
</ns2:test-suite>