<?xml version='1.0'?>
<ns2:test-suite xmlns:ns2='urn:model.allure.qatools.yandex.ru' start='1628838724237' stop='1628838724665'>
    <name>Chai page: </name>
    <title>Chai page: </title>
    <test-cases>
        <test-case start='1628838724238' status='passed' stop='1628838724239'>
            <name></name>
            <title></title>
            <labels>
                <label name='language' value='javascript'/>
                <label name='framework' value='wdio'/>
                <label name='thread' value='0-0'/>
            </labels>
            <parameters>
                <parameter kind='argument' name='browser' value='chrome-92.0.4515.107'/>
            </parameters>
            <steps/>
            <attachments/>
        </test-case>
        <test-case start='1628838724239' status='broken' stop='1628838724661'>
            <name>Given I am on practice page: "http://www.practiceselenium.com/practice-form.html"</name>
            <title>Given I am on practice page: "http://www.practiceselenium.com/practice-form.html"</title>
            <labels>
                <label name='language' value='javascript'/>
                <label name='framework' value='wdio'/>
                <label name='thread' value='0-0'/>
            </labels>
            <parameters>
                <parameter kind='argument' name='browser' value='chrome-92.0.4515.107'/>
            </parameters>
            <steps>
                <step start='1628838724242' status='broken' stop='1628838724661'>
                    <name>POST /session/:sessionId/url</name>
                    <title>POST /session/:sessionId/url</title>
                    <attachments>
                        <attachment title='Request' source='1911a28b-3082-4594-8dd1-9feb6564c0e7-attachment.json' type='application/json' size='65'/>
                    </attachments>
                    <steps/>
                </step>
            </steps>
            <attachments/>
            <failure>
                <message>unknown error: unknown error: net::ERR_NAME_NOT_RESOLVED</message>
                <stack-trace>unknown error: unknown error: net::ERR_NAME_NOT_RESOLVED
                  (Session info: chrome=92.0.4515.107)
                    at Object.getErrorFromResponseBody (/home/krzysztofmichalski/projects/cucumber-gherking-learning/node_modules/webdriver/build/utils.js:189:12)
                    at NodeJSRequest._request (/home/krzysztofmichalski/projects/cucumber-gherking-learning/node_modules/webdriver/build/request/index.js:157:31)
                    at processTicksAndRejections (internal/process/task_queues.js:95:5)
                    at Browser.wrapCommandFn (/home/krzysztofmichalski/projects/cucumber-gherking-learning/node_modules/@wdio/utils/build/shim.js:103:29)
                    at Browser.wrapCommandFn (/home/krzysztofmichalski/projects/cucumber-gherking-learning/node_modules/@wdio/utils/build/shim.js:103:29)</stack-trace>
            </failure>
        </test-case>
        <test-case start='1628838724662' status='undefined'>
            <name>Then I validate page header "Practice form"</name>
            <title>Then I validate page header "Practice form"</title>
            <labels>
                <label name='language' value='javascript'/>
                <label name='framework' value='wdio'/>
                <label name='thread' value='0-0'/>
            </labels>
            <parameters>
                <parameter kind='argument' name='browser' value='chrome-92.0.4515.107'/>
            </parameters>
            <steps/>
            <attachments/>
        </test-case>
        <test-case start='1628838724662' status='pending' stop='1628838724662'>
            <name>I validate page header "Practice form"</name>
            <title>I validate page header "Practice form"</title>
            <labels/>
            <parameters/>
            <steps/>
            <attachments/>
            <failure>
                <message>Test ignored</message>
                <stack-trace>undefined</stack-trace>
            </failure>
        </test-case>
        <test-case start='1628838724662' status='undefined'>
            <name>When I enter firstname Emma and lastname watson</name>
            <title>When I enter firstname Emma and lastname watson</title>
            <labels>
                <label name='language' value='javascript'/>
                <label name='framework' value='wdio'/>
                <label name='thread' value='0-0'/>
            </labels>
            <parameters>
                <parameter kind='argument' name='browser' value='chrome-92.0.4515.107'/>
            </parameters>
            <steps/>
            <attachments/>
        </test-case>
        <test-case start='1628838724662' status='pending' stop='1628838724662'>
            <name>I enter firstname Emma and lastname watson</name>
            <title>I enter firstname Emma and lastname watson</title>
            <labels/>
            <parameters/>
            <steps/>
            <attachments/>
            <failure>
                <message>Test ignored</message>
                <stack-trace>undefined</stack-trace>
            </failure>
        </test-case>
        <test-case start='1628838724662' status='undefined'>
            <name>And I select gender Female years 6 favorite chai Red Tea and reason Harmless Addition</name>
            <title>And I select gender Female years 6 favorite chai Red Tea and reason Harmless Addition</title>
            <labels>
                <label name='language' value='javascript'/>
                <label name='framework' value='wdio'/>
                <label name='thread' value='0-0'/>
            </labels>
            <parameters>
                <parameter kind='argument' name='browser' value='chrome-92.0.4515.107'/>
            </parameters>
            <steps/>
            <attachments/>
        </test-case>
        <test-case start='1628838724663' status='pending' stop='1628838724663'>
            <name>I select gender Female years 6 favorite chai Red Tea and reason Harmless Addition</name>
            <title>I select gender Female years 6 favorite chai Red Tea and reason Harmless Addition</title>
            <labels/>
            <parameters/>
            <steps/>
            <attachments/>
            <failure>
                <message>Test ignored</message>
                <stack-trace>undefined</stack-trace>
            </failure>
        </test-case>
        <test-case start='1628838724663' status='undefined'>
            <name>And I select continent Europe and commands Wait Commands</name>
            <title>And I select continent Europe and commands Wait Commands</title>
            <labels>
                <label name='language' value='javascript'/>
                <label name='framework' value='wdio'/>
                <label name='thread' value='0-0'/>
            </labels>
            <parameters>
                <parameter kind='argument' name='browser' value='chrome-92.0.4515.107'/>
            </parameters>
            <steps/>
            <attachments/>
        </test-case>
        <test-case start='1628838724663' status='pending' stop='1628838724663'>
            <name>I select continent Europe and commands Wait Commands</name>
            <title>I select continent Europe and commands Wait Commands</title>
            <labels/>
            <parameters/>
            <steps/>
            <attachments/>
            <failure>
                <message>Test ignored</message>
                <stack-trace>undefined</stack-trace>
            </failure>
        </test-case>
        <test-case start='1628838724663' status='undefined'>
            <name>And I click on submit button</name>
            <title>And I click on submit button</title>
            <labels>
                <label name='language' value='javascript'/>
                <label name='framework' value='wdio'/>
                <label name='thread' value='0-0'/>
            </labels>
            <parameters>
                <parameter kind='argument' name='browser' value='chrome-92.0.4515.107'/>
            </parameters>
            <steps/>
            <attachments/>
        </test-case>
        <test-case start='1628838724663' status='pending' stop='1628838724663'>
            <name>I click on submit button</name>
            <title>I click on submit button</title>
            <labels/>
            <parameters/>
            <steps/>
            <attachments/>
            <failure>
                <message>Test ignored</message>
                <stack-trace>undefined</stack-trace>
            </failure>
        </test-case>
        <test-case start='1628838724663' status='undefined'>
            <name>Then I validate page header "We're passionate about tea."</name>
            <title>Then I validate page header "We're passionate about tea."</title>
            <labels>
                <label name='language' value='javascript'/>
                <label name='framework' value='wdio'/>
                <label name='thread' value='0-0'/>
            </labels>
            <parameters>
                <parameter kind='argument' name='browser' value='chrome-92.0.4515.107'/>
            </parameters>
            <steps/>
            <attachments/>
        </test-case>
        <test-case start='1628838724663' status='pending' stop='1628838724663'>
            <name>I validate page header "We're passionate about tea."</name>
            <title>I validate page header "We're passionate about tea."</title>
            <labels/>
            <parameters/>
            <steps/>
            <attachments/>
            <failure>
                <message>Test ignored</message>
                <stack-trace>undefined</stack-trace>
            </failure>
        </test-case>
        <test-case start='1628838724663' status='passed' stop='1628838724664'>
            <name></name>
            <title></title>
            <labels>
                <label name='language' value='javascript'/>
                <label name='framework' value='wdio'/>
                <label name='thread' value='0-0'/>
            </labels>
            <parameters>
                <parameter kind='argument' name='browser' value='chrome-92.0.4515.107'/>
            </parameters>
            <steps/>
            <attachments/>
        </test-case>
    </test-cases>
</ns2:test-suite>